<?xml version="1.0" encoding="UTF-8"?>
<!-- Generated by org.testng.reporters.JUnitReportReporter -->
<testsuite hostname="Selim-MacBook-Air.local" name="Runners._08_TestRunnerParallel_MasterReport" tests="2" failures="0" timestamp="6 Sep 2022 17:06:00 GMT" time="72.841" errors="0">
  <testcase name="runScenario" time="45.566" classname="Runners._08_TestRunnerParallel_MasterReport"/>
  <testcase name="runScenario" time="27.275" classname="Runners._08_TestRunnerParallel_MasterReport"/>
</testsuite> <!-- Runners._08_TestRunnerParallel_MasterReport -->
