<?xml version="1.0" encoding="UTF-8"?>
<!-- Generated by org.testng.reporters.JUnitReportReporter -->
<testsuite hostname="Selim-MacBook-Air.local" name="Runners._08_TestRunnerParallel_MasterReport" tests="4" failures="0" timestamp="1 Sep 2022 16:35:20 GMT" time="173.458" errors="0">
  <testcase name="runScenario" time="65.251" classname="Runners._08_TestRunnerParallel_MasterReport"/>
  <testcase name="runScenario" time="30.678" classname="Runners._08_TestRunnerParallel_MasterReport"/>
  <testcase name="runScenario" time="52.010" classname="Runners._08_TestRunnerParallel_MasterReport"/>
  <testcase name="runScenario" time="25.519" classname="Runners._08_TestRunnerParallel_MasterReport"/>
</testsuite> <!-- Runners._08_TestRunnerParallel_MasterReport -->
